<?xml version="1.0" encoding="UTF-8"?>
<!-- Generated by org.testng.reporters.JUnitReportReporter -->
<testsuite hostname="BHAUTIKP" name="Default.NewTest" tests="1" failures="0" timestamp="25 Feb 2016 12:40:44 GMT" time="8.461" errors="0">
  <testcase name="TC_1" time="8.461" classname="Default.NewTest"/>
</testsuite> <!-- Default.NewTest -->
